# JRE version: OpenJDK Runtime Environment (11.0.10) (build 11.0.10+0-b96-7249189)
# Java VM: OpenJDK 64-Bit Server VM (11.0.10+0-b96-7249189, mixed mode, tiered, compressed oops, g1 gc, windows-amd64)
Heap:
 garbage-first heap   total 260096K, used 177686K [0x0000000080000000, 0x0000000100000000)
  region size 1024K, 133 young (136192K), 13 survivors (13312K)
 Metaspace       used 79806K, capacity 82020K, committed 82176K, reserved 1120256K
  class space    used 10587K, capacity 11435K, committed 11520K, reserved 1048576K
GC Heap History (16 events):
Event: 0.401 GC heap before
{Heap before GC invocations=0 (full 0):
 garbage-first heap   total 260096K, used 29696K [0x0000000080000000, 0x0000000100000000)
  region size 1024K, 24 young (24576K), 0 survivors (0K)
 Metaspace       used 10238K, capacity 10493K, committed 10624K, reserved 1058816K
  class space    used 1072K, capacity 1139K, committed 1152K, reserved 1048576K
}
Event: 0.403 GC heap after
{Heap after GC invocations=1 (full 0):
 garbage-first heap   total 260096K, used 9170K [0x0000000080000000, 0x0000000100000000)
  region size 1024K, 3 young (3072K), 3 survivors (3072K)
 Metaspace       used 10238K, capacity 10493K, committed 10624K, reserved 1058816K
  class space    used 1072K, capacity 1139K, committed 1152K, reserved 1048576K
}
Event: 1.506 GC heap before
{Heap before GC invocations=1 (full 0):
 garbage-first heap   total 260096K, used 110546K [0x0000000080000000, 0x0000000100000000)
  region size 1024K, 103 young (105472K), 3 survivors (3072K)
 Metaspace       used 20702K, capacity 21141K, committed 21248K, reserved 1067008K
  class space    used 2551K, capacity 2712K, committed 2816K, reserved 1048576K
}
Event: 1.512 GC heap after
{Heap after GC invocations=2 (full 0):
 garbage-first heap   total 260096K, used 17256K [0x0000000080000000, 0x0000000100000000)
  region size 1024K, 11 young (11264K), 11 survivors (11264K)
 Metaspace       used 20702K, capacity 21141K, committed 21248K, reserved 1067008K
  class space    used 2551K, capacity 2712K, committed 2816K, reserved 1048576K
}
Event: 2.085 GC heap before
{Heap before GC invocations=3 (full 0):
 garbage-first heap   total 260096K, used 82792K [0x0000000080000000, 0x0000000100000000)
  region size 1024K, 76 young (77824K), 11 survivors (11264K)
 Metaspace       used 27384K, capacity 28061K, committed 28160K, reserved 1073152K
  class space    used 3597K, capacity 3818K, committed 3840K, reserved 1048576K
}
Event: 2.090 GC heap after
{Heap after GC invocations=4 (full 0):
 garbage-first heap   total 260096K, used 19364K [0x0000000080000000, 0x0000000100000000)
  region size 1024K, 3 young (3072K), 3 survivors (3072K)
 Metaspace       used 27384K, capacity 28061K, committed 28160K, reserved 1073152K
  class space    used 3597K, capacity 3818K, committed 3840K, reserved 1048576K
}
Event: 2.483 GC heap before
{Heap before GC invocations=4 (full 0):
 garbage-first heap   total 260096K, used 66468K [0x0000000080000000, 0x0000000100000000)
  region size 1024K, 50 young (51200K), 3 survivors (3072K)
 Metaspace       used 35114K, capacity 35798K, committed 35840K, reserved 1081344K
  class space    used 4572K, capacity 4845K, committed 4864K, reserved 1048576K
}
Event: 2.489 GC heap after
{Heap after GC invocations=5 (full 0):
 garbage-first heap   total 260096K, used 22448K [0x0000000080000000, 0x0000000100000000)
  region size 1024K, 6 young (6144K), 6 survivors (6144K)
 Metaspace       used 35114K, capacity 35798K, committed 35840K, reserved 1081344K
  class space    used 4572K, capacity 4845K, committed 4864K, reserved 1048576K
}
Event: 3.311 GC heap before
{Heap before GC invocations=6 (full 0):
 garbage-first heap   total 260096K, used 137136K [0x0000000080000000, 0x0000000100000000)
  region size 1024K, 115 young (117760K), 6 survivors (6144K)
 Metaspace       used 44592K, capacity 45636K, committed 45824K, reserved 1089536K
  class space    used 5736K, capacity 6109K, committed 6144K, reserved 1048576K
}
Event: 3.319 GC heap after
{Heap after GC invocations=7 (full 0):
 garbage-first heap   total 260096K, used 29422K [0x0000000080000000, 0x0000000100000000)
  region size 1024K, 13 young (13312K), 13 survivors (13312K)
 Metaspace       used 44592K, capacity 45636K, committed 45824K, reserved 1089536K
  class space    used 5736K, capacity 6109K, committed 6144K, reserved 1048576K
}
Event: 4.135 GC heap before
{Heap before GC invocations=7 (full 0):
 garbage-first heap   total 260096K, used 156398K [0x0000000080000000, 0x0000000100000000)
  region size 1024K, 134 young (137216K), 13 survivors (13312K)
 Metaspace       used 52766K, capacity 54159K, committed 54400K, reserved 1095680K
  class space    used 6772K, capacity 7272K, committed 7296K, reserved 1048576K
}
Event: 4.145 GC heap after
{Heap after GC invocations=8 (full 0):
 garbage-first heap   total 260096K, used 43484K [0x0000000080000000, 0x0000000100000000)
  region size 1024K, 17 young (17408K), 17 survivors (17408K)
 Metaspace       used 52766K, capacity 54159K, committed 54400K, reserved 1095680K
  class space    used 6772K, capacity 7272K, committed 7296K, reserved 1048576K
}
Event: 4.552 GC heap before
{Heap before GC invocations=8 (full 0):
 garbage-first heap   total 260096K, used 79324K [0x0000000080000000, 0x0000000100000000)
  region size 1024K, 53 young (54272K), 17 survivors (17408K)
 Metaspace       used 58572K, capacity 60063K, committed 60160K, reserved 1101824K
  class space    used 7498K, capacity 8064K, committed 8064K, reserved 1048576K
}
Event: 4.568 GC heap after
{Heap after GC invocations=9 (full 0):
 garbage-first heap   total 260096K, used 44969K [0x0000000080000000, 0x0000000100000000)
  region size 1024K, 12 young (12288K), 12 survivors (12288K)
 Metaspace       used 58572K, capacity 60063K, committed 60160K, reserved 1101824K
  class space    used 7498K, capacity 8064K, committed 8064K, reserved 1048576K
}
Event: 5.677 GC heap before
{Heap before GC invocations=10 (full 0):
 garbage-first heap   total 260096K, used 182185K [0x0000000080000000, 0x0000000100000000)
  region size 1024K, 146 young (149504K), 12 survivors (12288K)
 Metaspace       used 70633K, capacity 72396K, committed 72704K, reserved 1112064K
  class space    used 9232K, capacity 9891K, committed 9984K, reserved 1048576K
}
Event: 5.687 GC heap after
{Heap after GC invocations=11 (full 0):
 garbage-first heap   total 260096K, used 55830K [0x0000000080000000, 0x0000000100000000)
  region size 1024K, 13 young (13312K), 13 survivors (13312K)
 Metaspace       used 70633K, capacity 72396K, committed 72704K, reserved 1112064K
  class space    used 9232K, capacity 9891K, committed 9984K, reserved 1048576K
}

