# JRE version: OpenJDK Runtime Environment (11.0.10) (build 11.0.10+0-b96-7249189)
# Java VM: OpenJDK 64-Bit Server VM (11.0.10+0-b96-7249189, mixed mode, tiered, compressed oops, g1 gc, windows-amd64)
Heap:
 garbage-first heap   total 260096K, used 145543K [0x0000000080000000, 0x0000000100000000)
  region size 1024K, 92 young (94208K), 8 survivors (8192K)
 Metaspace       used 80973K, capacity 83173K, committed 83456K, reserved 1122304K
  class space    used 10642K, capacity 11462K, committed 11520K, reserved 1048576K
GC Heap History (18 events):
Event: 0.414 GC heap before
{Heap before GC invocations=0 (full 0):
 garbage-first heap   total 260096K, used 29696K [0x0000000080000000, 0x0000000100000000)
  region size 1024K, 24 young (24576K), 0 survivors (0K)
 Metaspace       used 10237K, capacity 10493K, committed 10624K, reserved 1058816K
  class space    used 1072K, capacity 1139K, committed 1152K, reserved 1048576K
}
Event: 0.417 GC heap after
{Heap after GC invocations=1 (full 0):
 garbage-first heap   total 260096K, used 9232K [0x0000000080000000, 0x0000000100000000)
  region size 1024K, 3 young (3072K), 3 survivors (3072K)
 Metaspace       used 10237K, capacity 10493K, committed 10624K, reserved 1058816K
  class space    used 1072K, capacity 1139K, committed 1152K, reserved 1048576K
}
Event: 1.459 GC heap before
{Heap before GC invocations=1 (full 0):
 garbage-first heap   total 260096K, used 111632K [0x0000000080000000, 0x0000000100000000)
  region size 1024K, 103 young (105472K), 3 survivors (3072K)
 Metaspace       used 20708K, capacity 21141K, committed 21248K, reserved 1067008K
  class space    used 2551K, capacity 2712K, committed 2816K, reserved 1048576K
}
Event: 1.465 GC heap after
{Heap after GC invocations=2 (full 0):
 garbage-first heap   total 260096K, used 17115K [0x0000000080000000, 0x0000000100000000)
  region size 1024K, 11 young (11264K), 11 survivors (11264K)
 Metaspace       used 20708K, capacity 21141K, committed 21248K, reserved 1067008K
  class space    used 2551K, capacity 2712K, committed 2816K, reserved 1048576K
}
Event: 1.896 GC heap before
{Heap before GC invocations=3 (full 0):
 garbage-first heap   total 260096K, used 83675K [0x0000000080000000, 0x0000000100000000)
  region size 1024K, 76 young (77824K), 11 survivors (11264K)
 Metaspace       used 27424K, capacity 28100K, committed 28288K, reserved 1073152K
  class space    used 3608K, capacity 3852K, committed 3968K, reserved 1048576K
}
Event: 1.901 GC heap after
{Heap after GC invocations=4 (full 0):
 garbage-first heap   total 260096K, used 19409K [0x0000000080000000, 0x0000000100000000)
  region size 1024K, 3 young (3072K), 3 survivors (3072K)
 Metaspace       used 27424K, capacity 28100K, committed 28288K, reserved 1073152K
  class space    used 3608K, capacity 3852K, committed 3968K, reserved 1048576K
}
Event: 2.287 GC heap before
{Heap before GC invocations=4 (full 0):
 garbage-first heap   total 260096K, used 65489K [0x0000000080000000, 0x0000000100000000)
  region size 1024K, 49 young (50176K), 3 survivors (3072K)
 Metaspace       used 35103K, capacity 35795K, committed 35840K, reserved 1081344K
  class space    used 4568K, capacity 4844K, committed 4864K, reserved 1048576K
}
Event: 2.292 GC heap after
{Heap after GC invocations=5 (full 0):
 garbage-first heap   total 260096K, used 22153K [0x0000000080000000, 0x0000000100000000)
  region size 1024K, 6 young (6144K), 6 survivors (6144K)
 Metaspace       used 35103K, capacity 35795K, committed 35840K, reserved 1081344K
  class space    used 4568K, capacity 4844K, committed 4864K, reserved 1048576K
}
Event: 3.039 GC heap before
{Heap before GC invocations=6 (full 0):
 garbage-first heap   total 260096K, used 135817K [0x0000000080000000, 0x0000000100000000)
  region size 1024K, 114 young (116736K), 6 survivors (6144K)
 Metaspace       used 44543K, capacity 45630K, committed 45824K, reserved 1089536K
  class space    used 5725K, capacity 6107K, committed 6144K, reserved 1048576K
}
Event: 3.046 GC heap after
{Heap after GC invocations=7 (full 0):
 garbage-first heap   total 260096K, used 29227K [0x0000000080000000, 0x0000000100000000)
  region size 1024K, 13 young (13312K), 13 survivors (13312K)
 Metaspace       used 44543K, capacity 45630K, committed 45824K, reserved 1089536K
  class space    used 5725K, capacity 6107K, committed 6144K, reserved 1048576K
}
Event: 3.807 GC heap before
{Heap before GC invocations=7 (full 0):
 garbage-first heap   total 260096K, used 159275K [0x0000000080000000, 0x0000000100000000)
  region size 1024K, 136 young (139264K), 13 survivors (13312K)
 Metaspace       used 52876K, capacity 54252K, committed 54528K, reserved 1095680K
  class space    used 6780K, capacity 7303K, committed 7424K, reserved 1048576K
}
Event: 3.817 GC heap after
{Heap after GC invocations=8 (full 0):
 garbage-first heap   total 260096K, used 43289K [0x0000000080000000, 0x0000000100000000)
  region size 1024K, 17 young (17408K), 17 survivors (17408K)
 Metaspace       used 52876K, capacity 54252K, committed 54528K, reserved 1095680K
  class space    used 6780K, capacity 7303K, committed 7424K, reserved 1048576K
}
Event: 4.178 GC heap before
{Heap before GC invocations=8 (full 0):
 garbage-first heap   total 260096K, used 78105K [0x0000000080000000, 0x0000000100000000)
  region size 1024K, 52 young (53248K), 17 survivors (17408K)
 Metaspace       used 58601K, capacity 60067K, committed 60160K, reserved 1101824K
  class space    used 7498K, capacity 8064K, committed 8064K, reserved 1048576K
}
Event: 4.195 GC heap after
{Heap after GC invocations=9 (full 0):
 garbage-first heap   total 260096K, used 45540K [0x0000000080000000, 0x0000000100000000)
  region size 1024K, 3 young (3072K), 3 survivors (3072K)
 Metaspace       used 58601K, capacity 60067K, committed 60160K, reserved 1101824K
  class space    used 7498K, capacity 8064K, committed 8064K, reserved 1048576K
}
Event: 5.079 GC heap before
{Heap before GC invocations=10 (full 0):
 garbage-first heap   total 260096K, used 170468K [0x0000000080000000, 0x0000000100000000)
  region size 1024K, 125 young (128000K), 3 survivors (3072K)
 Metaspace       used 69560K, capacity 71237K, committed 71424K, reserved 1112064K
  class space    used 9064K, capacity 9679K, committed 9728K, reserved 1048576K
}
Event: 5.085 GC heap after
{Heap after GC invocations=11 (full 0):
 garbage-first heap   total 260096K, used 53732K [0x0000000080000000, 0x0000000100000000)
  region size 1024K, 11 young (11264K), 11 survivors (11264K)
 Metaspace       used 69560K, capacity 71237K, committed 71424K, reserved 1112064K
  class space    used 9064K, capacity 9679K, committed 9728K, reserved 1048576K
}
Event: 6.128 GC heap before
{Heap before GC invocations=11 (full 0):
 garbage-first heap   total 260096K, used 178660K [0x0000000080000000, 0x0000000100000000)
  region size 1024K, 134 young (137216K), 11 survivors (11264K)
 Metaspace       used 79741K, capacity 81922K, committed 82048K, reserved 1120256K
  class space    used 10556K, capacity 11380K, committed 11392K, reserved 1048576K
}
Event: 6.140 GC heap after
{Heap after GC invocations=12 (full 0):
 garbage-first heap   total 260096K, used 61575K [0x0000000080000000, 0x0000000100000000)
  region size 1024K, 8 young (8192K), 8 survivors (8192K)
 Metaspace       used 79741K, capacity 81922K, committed 82048K, reserved 1120256K
  class space    used 10556K, capacity 11380K, committed 11392K, reserved 1048576K
}

